0 info it worked if it ends with ok
1 verbose cli [ '/usr/local/bin/node', '/usr/local/bin/npm', 'run', 'prepush' ]
2 info using npm@3.10.3
3 info using node@v5.6.0
4 verbose run-script [ 'prepush' ]
5 info lifecycle mw-uikit@1.0.1~prepush: mw-uikit@1.0.1
6 verbose lifecycle mw-uikit@1.0.1~prepush: unsafe-perm in lifecycle true
7 verbose lifecycle mw-uikit@1.0.1~prepush: PATH: /usr/local/lib/node_modules/npm/bin/node-gyp-bin:/Users/zarges/Documents/workspace/relution-uikit/node_modules/.bin:/usr/local/bin:/usr/local/lib/node_modules/npm/bin/node-gyp-bin:/Users/zarges/Documents/workspace/relution-uikit/node_modules/husky/node_modules/.bin:/Users/zarges/Documents/workspace/relution-uikit/node_modules/.bin:/usr/local/bin:/usr/local/bin:/opt/local/bin:/opt/local/sbin:/Users/zarges/.rvm/gems/ruby-2.0.0-p247/bin:/Users/zarges/.rvm/gems/ruby-2.0.0-p247@global/bin:/Users/zarges/.rvm/rubies/ruby-2.0.0-p247/bin:/Users/zarges/.rvm/bin:/usr/local/bin:/usr/bin:/bin:/usr/sbin:/sbin:/usr/local/git/bin
8 verbose lifecycle mw-uikit@1.0.1~prepush: CWD: /Users/zarges/Documents/workspace/relution-uikit
9 silly lifecycle mw-uikit@1.0.1~prepush: Args: [ '-c', './git-hooks/pre-push' ]
10 silly lifecycle mw-uikit@1.0.1~prepush: Returned: code: 3  signal: null
11 info lifecycle mw-uikit@1.0.1~prepush: Failed to exec prepush script
12 verbose stack Error: mw-uikit@1.0.1 prepush: `./git-hooks/pre-push`
12 verbose stack Exit status 3
12 verbose stack     at EventEmitter.<anonymous> (/usr/local/lib/node_modules/npm/lib/utils/lifecycle.js:242:16)
12 verbose stack     at emitTwo (events.js:100:13)
12 verbose stack     at EventEmitter.emit (events.js:185:7)
12 verbose stack     at ChildProcess.<anonymous> (/usr/local/lib/node_modules/npm/lib/utils/spawn.js:40:14)
12 verbose stack     at emitTwo (events.js:100:13)
12 verbose stack     at ChildProcess.emit (events.js:185:7)
12 verbose stack     at maybeClose (internal/child_process.js:827:16)
12 verbose stack     at Process.ChildProcess._handle.onexit (internal/child_process.js:211:5)
13 verbose pkgid mw-uikit@1.0.1
14 verbose cwd /Users/zarges/Documents/workspace/relution-uikit
15 error Darwin 16.0.0
16 error argv "/usr/local/bin/node" "/usr/local/bin/npm" "run" "prepush"
17 error node v5.6.0
18 error npm  v3.10.3
19 error code ELIFECYCLE
20 error mw-uikit@1.0.1 prepush: `./git-hooks/pre-push`
20 error Exit status 3
21 error Failed at the mw-uikit@1.0.1 prepush script './git-hooks/pre-push'.
21 error Make sure you have the latest version of node.js and npm installed.
21 error If you do, this is most likely a problem with the mw-uikit package,
21 error not with npm itself.
21 error Tell the author that this fails on your system:
21 error     ./git-hooks/pre-push
21 error You can get information on how to open an issue for this project with:
21 error     npm bugs mw-uikit
21 error Or if that isn't available, you can get their info via:
21 error     npm owner ls mw-uikit
21 error There is likely additional logging output above.
22 verbose exit [ 1, true ]
